[debug] [2024-01-07T14:58:55.808Z] ----------------------------------------------------------------------
[debug] [2024-01-07T14:58:55.812Z] Command:       C:\Program Files\nodejs\node.exe C:\Users\funny\AppData\Roaming\npm\node_modules\firebase-tools\lib\bin\firebase.js init hosting
[debug] [2024-01-07T14:58:55.812Z] CLI Version:   13.0.2
[debug] [2024-01-07T14:58:55.813Z] Platform:      win32
[debug] [2024-01-07T14:58:55.813Z] Node Version:  v20.10.0
[debug] [2024-01-07T14:58:55.813Z] Time:          Sun Jan 07 2024 20:28:55 GMT+0530 (India Standard Time)
[debug] [2024-01-07T14:58:55.814Z] ----------------------------------------------------------------------
[debug] 
[debug] [2024-01-07T14:58:55.826Z] > command requires scopes: ["email","openid","https://www.googleapis.com/auth/cloudplatformprojects.readonly","https://www.googleapis.com/auth/firebase","https://www.googleapis.com/auth/cloud-platform"]
[debug] [2024-01-07T14:58:55.826Z] > authorizing via signed-in user (funnyleo018@gmail.com)
[info] 
     ######## #### ########  ######## ########     ###     ######  ########
     ##        ##  ##     ## ##       ##     ##  ##   ##  ##       ##
     ######    ##  ########  ######   ########  #########  ######  ######
     ##        ##  ##    ##  ##       ##     ## ##     ##       ## ##
     ##       #### ##     ## ######## ########  ##     ##  ######  ########

You're about to initialize a Firebase project in this directory:

  C:\Users\funny\OneDrive\Desktop\Deva\Website\Portfolio-Collection\Deva Raj R

[info] 
=== Project Setup
[info] 
[info] First, let's associate this project directory with a Firebase project.
[info] You can create multiple project aliases by running firebase use --add, 
[info] but for now we'll just set up a default project.
[info] 
[debug] [2024-01-07T14:59:04.011Z] >>> [apiv2][query] GET https://firebase.googleapis.com/v1beta1/projects pageSize=100
[debug] [2024-01-07T14:59:04.967Z] <<< [apiv2][status] GET https://firebase.googleapis.com/v1beta1/projects 200
[debug] [2024-01-07T14:59:04.968Z] <<< [apiv2][body] GET https://firebase.googleapis.com/v1beta1/projects [omitted]
[debug] [2024-01-07T15:04:49.812Z] ----------------------------------------------------------------------
[debug] [2024-01-07T15:04:49.816Z] Command:       C:\Program Files\nodejs\node.exe C:\Users\funny\AppData\Roaming\npm\node_modules\firebase-tools\lib\bin\firebase.js init hosting
[debug] [2024-01-07T15:04:49.816Z] CLI Version:   13.0.2
[debug] [2024-01-07T15:04:49.816Z] Platform:      win32
[debug] [2024-01-07T15:04:49.817Z] Node Version:  v20.10.0
[debug] [2024-01-07T15:04:49.817Z] Time:          Sun Jan 07 2024 20:34:49 GMT+0530 (India Standard Time)
[debug] [2024-01-07T15:04:49.817Z] ----------------------------------------------------------------------
[debug] 
[debug] [2024-01-07T15:04:49.825Z] > command requires scopes: ["email","openid","https://www.googleapis.com/auth/cloudplatformprojects.readonly","https://www.googleapis.com/auth/firebase","https://www.googleapis.com/auth/cloud-platform"]
[debug] [2024-01-07T15:04:49.826Z] > authorizing via signed-in user (funnyleo018@gmail.com)
[info] 
     ######## #### ########  ######## ########     ###     ######  ########
     ##        ##  ##     ## ##       ##     ##  ##   ##  ##       ##
     ######    ##  ########  ######   ########  #########  ######  ######
     ##        ##  ##    ##  ##       ##     ## ##     ##       ## ##
     ##       #### ##     ## ######## ########  ##     ##  ######  ########

You're about to initialize a Firebase project in this directory:

  C:\Users\funny\OneDrive\Desktop\Deva\Website\Portfolio-Collection\Deva Raj R

[info] 
=== Project Setup
[info] 
[info] First, let's associate this project directory with a Firebase project.
[info] You can create multiple project aliases by running firebase use --add, 
[info] but for now we'll just set up a default project.
[info] 
[debug] [2024-01-07T15:04:56.711Z] >>> [apiv2][query] GET https://firebase.googleapis.com/v1beta1/projects pageSize=100
[debug] [2024-01-07T15:04:57.658Z] <<< [apiv2][status] GET https://firebase.googleapis.com/v1beta1/projects 200
[debug] [2024-01-07T15:04:57.659Z] <<< [apiv2][body] GET https://firebase.googleapis.com/v1beta1/projects [omitted]
[debug] [2024-01-07T15:11:06.369Z] ----------------------------------------------------------------------
[debug] [2024-01-07T15:11:06.372Z] Command:       C:\Program Files\nodejs\node.exe C:\Users\funny\AppData\Roaming\npm\node_modules\firebase-tools\lib\bin\firebase.js init hosting
[debug] [2024-01-07T15:11:06.373Z] CLI Version:   13.0.2
[debug] [2024-01-07T15:11:06.373Z] Platform:      win32
[debug] [2024-01-07T15:11:06.373Z] Node Version:  v20.10.0
[debug] [2024-01-07T15:11:06.373Z] Time:          Sun Jan 07 2024 20:41:06 GMT+0530 (India Standard Time)
[debug] [2024-01-07T15:11:06.374Z] ----------------------------------------------------------------------
[debug] 
[debug] [2024-01-07T15:11:06.382Z] > command requires scopes: ["email","openid","https://www.googleapis.com/auth/cloudplatformprojects.readonly","https://www.googleapis.com/auth/firebase","https://www.googleapis.com/auth/cloud-platform"]
[debug] [2024-01-07T15:11:06.383Z] > authorizing via signed-in user (funnyleo018@gmail.com)
[info] 
     ######## #### ########  ######## ########     ###     ######  ########
     ##        ##  ##     ## ##       ##     ##  ##   ##  ##       ##
     ######    ##  ########  ######   ########  #########  ######  ######
     ##        ##  ##    ##  ##       ##     ## ##     ##       ## ##
     ##       #### ##     ## ######## ########  ##     ##  ######  ########

You're about to initialize a Firebase project in this directory:

  C:\Users\funny\OneDrive\Desktop\Deva\Website\Portfolio-Collection\Deva Raj R

[info] 
=== Project Setup
[info] 
[info] First, let's associate this project directory with a Firebase project.
[info] You can create multiple project aliases by running firebase use --add, 
[info] but for now we'll just set up a default project.
[info] 
[info] i  If you want to create a project in a Google Cloud organization or folder, please use "firebase projects:create" instead, and return to this command when you've created the project. 
[debug] [2024-01-07T15:12:16.485Z] >>> [apiv2][query] POST https://cloudresourcemanager.googleapis.com/v1/projects [none]
[debug] [2024-01-07T15:12:16.486Z] >>> [apiv2][body] POST https://cloudresourcemanager.googleapis.com/v1/projects {"projectId":"Devaraj.OnlineResume","name":"OnlineResume"}
[debug] [2024-01-07T15:12:17.849Z] <<< [apiv2][status] POST https://cloudresourcemanager.googleapis.com/v1/projects 400
[debug] [2024-01-07T15:12:17.849Z] <<< [apiv2][body] POST https://cloudresourcemanager.googleapis.com/v1/projects {"error":{"code":400,"message":"field [project_id] has issue [project_id contains invalid characters]","status":"INVALID_ARGUMENT","details":[{"@type":"type.googleapis.com/google.rpc.BadRequest","fieldViolations":[{"field":"project_id","description":"project_id contains invalid characters"}]},{"@type":"type.googleapis.com/google.rpc.Help","links":[{"url":"https://cloud.google.com/resource-manager/reference/rest/v1/projects"}]}]}}
[debug] [2024-01-07T15:12:18.016Z] FirebaseError: HTTP Error: 400, field [project_id] has issue [project_id contains invalid characters]
    at responseToError (C:\Users\funny\AppData\Roaming\npm\node_modules\firebase-tools\lib\responseToError.js:49:12)
    at RetryOperation._fn (C:\Users\funny\AppData\Roaming\npm\node_modules\firebase-tools\lib\apiv2.js:292:77)
    at process.processTicksAndRejections (node:internal/process/task_queues:95:5)
[error] 
[error] Error: Failed to create project. See firebase-debug.log for more info.
[debug] [2024-01-07T15:13:34.646Z] ----------------------------------------------------------------------
[debug] [2024-01-07T15:13:34.649Z] Command:       C:\Program Files\nodejs\node.exe C:\Users\funny\AppData\Roaming\npm\node_modules\firebase-tools\lib\bin\firebase.js init hosting
[debug] [2024-01-07T15:13:34.650Z] CLI Version:   13.0.2
[debug] [2024-01-07T15:13:34.650Z] Platform:      win32
[debug] [2024-01-07T15:13:34.651Z] Node Version:  v20.10.0
[debug] [2024-01-07T15:13:34.651Z] Time:          Sun Jan 07 2024 20:43:34 GMT+0530 (India Standard Time)
[debug] [2024-01-07T15:13:34.651Z] ----------------------------------------------------------------------
[debug] 
[debug] [2024-01-07T15:13:34.659Z] > command requires scopes: ["email","openid","https://www.googleapis.com/auth/cloudplatformprojects.readonly","https://www.googleapis.com/auth/firebase","https://www.googleapis.com/auth/cloud-platform"]
[debug] [2024-01-07T15:13:34.660Z] > authorizing via signed-in user (funnyleo018@gmail.com)
[info] 
     ######## #### ########  ######## ########     ###     ######  ########
     ##        ##  ##     ## ##       ##     ##  ##   ##  ##       ##
     ######    ##  ########  ######   ########  #########  ######  ######
     ##        ##  ##    ##  ##       ##     ## ##     ##       ## ##
     ##       #### ##     ## ######## ########  ##     ##  ######  ########

You're about to initialize a Firebase project in this directory:

  C:\Users\funny\OneDrive\Desktop\Deva\Website\Portfolio-Collection\Deva Raj R

[info] 
=== Project Setup
[info] 
[info] First, let's associate this project directory with a Firebase project.
[info] You can create multiple project aliases by running firebase use --add, 
[info] but for now we'll just set up a default project.
[info] 
[info] i  If you want to create a project in a Google Cloud organization or folder, please use "firebase projects:create" instead, and return to this command when you've created the project. 
[debug] [2024-01-07T15:14:32.439Z] >>> [apiv2][query] POST https://cloudresourcemanager.googleapis.com/v1/projects [none]
[debug] [2024-01-07T15:14:32.439Z] >>> [apiv2][body] POST https://cloudresourcemanager.googleapis.com/v1/projects {"projectId":"Devaaraj.web.app","name":"OnlineResume"}
[debug] [2024-01-07T15:14:33.845Z] <<< [apiv2][status] POST https://cloudresourcemanager.googleapis.com/v1/projects 400
[debug] [2024-01-07T15:14:33.846Z] <<< [apiv2][body] POST https://cloudresourcemanager.googleapis.com/v1/projects {"error":{"code":400,"message":"field [project_id] has issue [project_id contains invalid characters]","status":"INVALID_ARGUMENT","details":[{"@type":"type.googleapis.com/google.rpc.BadRequest","fieldViolations":[{"field":"project_id","description":"project_id contains invalid characters"}]},{"@type":"type.googleapis.com/google.rpc.Help","links":[{"url":"https://cloud.google.com/resource-manager/reference/rest/v1/projects"}]}]}}
[debug] [2024-01-07T15:14:34.016Z] FirebaseError: HTTP Error: 400, field [project_id] has issue [project_id contains invalid characters]
    at responseToError (C:\Users\funny\AppData\Roaming\npm\node_modules\firebase-tools\lib\responseToError.js:49:12)
    at RetryOperation._fn (C:\Users\funny\AppData\Roaming\npm\node_modules\firebase-tools\lib\apiv2.js:292:77)
    at process.processTicksAndRejections (node:internal/process/task_queues:95:5)
[error] 
[error] Error: Failed to create project. See firebase-debug.log for more info.
